INFO: [SIM 2] *************** CSIM start ***************
INFO: [SIM 4] CSIM will launch GCC as the compiler.
   Compiling ../../../timer-tb.cpp in debug mode
   Generating csim.exe
start = 0 end = 0
start = 0 end = 0
start = 0 end = 0
start = 0 end = 0
start = 0 end = 0
start = 0 end = 0
start = 0 end = 0
start = 0 end = 0
start = 0 end = 0
start = 0 end = 0
start = 0 end = 0
start = 0 end = 0
start = 0 end = 0
start = 0 end = 0
start = 0 end = 0
start = 0 end = 0
start = 0 end = 0
start = 0 end = 0
start = 0 end = 0
start = 0 end = 0
 start = 1 end = 0 counter = 0
start = 0 end = 0 counter = 1
start = 0 end = 0 counter = 2
start = 0 end = 0 counter = 3
start = 0 end = 0 counter = 4
start = 0 end = 0 counter = 5
start = 0 end = 0 counter = 6
start = 0 end = 0 counter = 7
start = 0 end = 0 counter = 8
start = 0 end = 0 counter = 9
start = 0 end = 0 counter = 10
start = 0 end = 0 counter = 11
start = 0 end = 0 counter = 12
start = 0 end = 0 counter = 13
start = 0 end = 0 counter = 14
start = 0 end = 0 counter = 15
start = 0 end = 0 counter = 16
start = 0 end = 0 counter = 17
start = 0 end = 0 counter = 18
start = 0 end = 0 counter = 19
start = 0 end = 1 counter = 20
Test Passed
INFO: [SIM 1] CSim done with 0 errors.
INFO: [SIM 3] *************** CSIM finish ***************
