C:\vitis_example\Utilities\clock_generator-vhls\solution1\.autopilot\db\clock_generator.pp.0.cpp:1323:7: warning: Added loop label VITIS_LOOP_1213_1:   [xilinx-label-all-loops]
      for (i = 0; i < __N - 1; ++i) {
      ^~~
      VITIS_LOOP_1213_1: 
C:\vitis_example\Utilities\clock_generator-vhls\solution1\.autopilot\db\clock_generator.pp.0.cpp:1323:7: note: FIX-IT applied suggested code changes
C:\vitis_example\Utilities\clock_generator-vhls\solution1\.autopilot\db\clock_generator.pp.0.cpp:2297:5: warning: Added loop label VITIS_LOOP_676_1:   [xilinx-label-all-loops]
    for (unsigned i = low; i != high; ++i) {
    ^~~
    VITIS_LOOP_676_1: 
C:\vitis_example\Utilities\clock_generator-vhls\solution1\.autopilot\db\clock_generator.pp.0.cpp:2297:5: note: FIX-IT applied suggested code changes
C:\vitis_example\Utilities\clock_generator-vhls\solution1\.autopilot\db\clock_generator.pp.0.cpp:2311:5: warning: Added loop label VITIS_LOOP_690_1:   [xilinx-label-all-loops]
    for (unsigned i = low; i != high; ++i) {
    ^~~
    VITIS_LOOP_690_1: 
C:\vitis_example\Utilities\clock_generator-vhls\solution1\.autopilot\db\clock_generator.pp.0.cpp:2311:5: note: FIX-IT applied suggested code changes
C:\vitis_example\Utilities\clock_generator-vhls\solution1\.autopilot\db\clock_generator.pp.0.cpp:2325:5: warning: Added loop label VITIS_LOOP_704_1:   [xilinx-label-all-loops]
    for (unsigned i = low; i != high; ++i) {
    ^~~
    VITIS_LOOP_704_1: 
C:\vitis_example\Utilities\clock_generator-vhls\solution1\.autopilot\db\clock_generator.pp.0.cpp:2325:5: note: FIX-IT applied suggested code changes
C:\vitis_example\Utilities\clock_generator-vhls\solution1\.autopilot\db\clock_generator.pp.0.cpp:3936:7: warning: Added loop label VITIS_LOOP_1247_1:   [xilinx-label-all-loops]
      for (i = 0; i < __N - 1; ++i) {
      ^~~
      VITIS_LOOP_1247_1: 
C:\vitis_example\Utilities\clock_generator-vhls\solution1\.autopilot\db\clock_generator.pp.0.cpp:3936:7: note: FIX-IT applied suggested code changes
