

================================================================
== Vitis HLS Report for 'debouncer'
================================================================
* Date:           Sun Sep 10 03:03:47 2023

* Version:        2023.1 (Build 3854077 on May  4 2023)
* Project:        debouncer-vhls
* Solution:       solution1 (Vivado IP Flow Target)
* Product family: spartan7
* Target device:  xc7s100-fgga676-2


================================================================
== Performance Estimates
================================================================
+ Timing: 
    * Summary: 
    +--------+----------+----------+------------+
    |  Clock |  Target  | Estimated| Uncertainty|
    +--------+----------+----------+------------+
    |ap_clk  |  10.00 ns|  3.743 ns|     2.70 ns|
    +--------+----------+----------+------------+

+ Latency: 
    * Summary: 
    +---------+---------+----------+----------+-----+-----+---------+
    |  Latency (cycles) |  Latency (absolute) |  Interval | Pipeline|
    |   min   |   max   |    min   |    max   | min | max |   Type  |
    +---------+---------+----------+----------+-----+-----+---------+
    |        0|        0|      0 ns|      0 ns|    1|    1|       no|
    +---------+---------+----------+----------+-----+-----+---------+

    + Detail: 
        * Instance: 
        N/A

        * Loop: 
        N/A



================================================================
== Utilization Estimates
================================================================
* Summary: 
+-----------------+---------+-----+--------+-------+-----+
|       Name      | BRAM_18K| DSP |   FF   |  LUT  | URAM|
+-----------------+---------+-----+--------+-------+-----+
|DSP              |        -|    -|       -|      -|    -|
|Expression       |        -|    -|       0|    278|    -|
|FIFO             |        -|    -|       -|      -|    -|
|Instance         |        -|    -|       -|      -|    -|
|Memory           |        -|    -|       -|      -|    -|
|Multiplexer      |        -|    -|       -|      -|    -|
|Register         |        -|    -|      67|      -|    -|
+-----------------+---------+-----+--------+-------+-----+
|Total            |        0|    0|      67|    278|    0|
+-----------------+---------+-----+--------+-------+-----+
|Available        |      240|  160|  128000|  64000|    0|
+-----------------+---------+-----+--------+-------+-----+
|Utilization (%)  |        0|    0|      ~0|     ~0|    0|
+-----------------+---------+-----+--------+-------+-----+

+ Detail: 
    * Instance: 
    N/A

    * DSP: 
    N/A

    * Memory: 
    N/A

    * FIFO: 
    N/A

    * Expression: 
    +-------------------------+----------+----+---+----+------------+------------+
    |      Variable Name      | Operation| DSP| FF| LUT| Bitwidth P0| Bitwidth P1|
    +-------------------------+----------+----+---+----+------------+------------+
    |next_counter_fu_71_p2    |         +|   0|  0|  71|          64|           2|
    |icmp_ln35_fu_65_p2       |      icmp|   0|  0|  71|          64|           1|
    |next_counter_1_fu_77_p3  |    select|   0|  0|  64|           1|           9|
    |next_counter_2_fu_97_p3  |    select|   0|  0|  64|           1|          64|
    |next_state_2_fu_105_p3   |    select|   0|  0|   2|           1|           1|
    |out_r                    |    select|   0|  0|   2|           1|           1|
    |next_state_1_fu_91_p2    |       xor|   0|  0|   2|           1|           1|
    |next_state_fu_85_p2      |       xor|   0|  0|   2|           1|           2|
    +-------------------------+----------+----+---+----+------------+------------+
    |Total                    |          |   0|  0| 278|         134|          81|
    +-------------------------+----------+----+---+----+------------+------------+

    * Multiplexer: 
    N/A

    * Register: 
    +-------------+----+----+-----+-----------+
    |     Name    | FF | LUT| Bits| Const Bits|
    +-------------+----+----+-----+-----------+
    |ap_CS_fsm    |   1|   0|    1|          0|
    |counter      |  64|   0|   64|          0|
    |previous_sw  |   1|   0|    1|          0|
    |state        |   1|   0|    1|          0|
    +-------------+----+----+-----+-----------+
    |Total        |  67|   0|   67|          0|
    +-------------+----+----+-----+-----------+



================================================================
== Interface
================================================================
* Summary: 
+----------+-----+-----+--------------+--------------+--------------+
| RTL Ports| Dir | Bits|   Protocol   | Source Object|    C Type    |
+----------+-----+-----+--------------+--------------+--------------+
|ap_clk    |   in|    1|  ap_ctrl_none|     debouncer|  return value|
|ap_rst    |   in|    1|  ap_ctrl_none|     debouncer|  return value|
|sw        |   in|    1|       ap_none|            sw|        scalar|
|out_r     |  out|    1|       ap_none|         out_r|       pointer|
+----------+-----+-----+--------------+--------------+--------------+

