Vivado Simulator v2023.1
Copyright 1986-2022 Xilinx, Inc. All Rights Reserved.
Copyright 2022-2023 Advanced Micro Devices, Inc. All Rights Reserved.
Running: C:/Xilinx/Vivado/2023.1/bin/unwrapped/win64.o/xelab.exe xil_defaultlib.apatb_clock_generator_top glbl -Oenable_linking_all_libraries -prj clock_generator.prj -L smartconnect_v1_0 -L axi_protocol_checker_v1_1_12 -L axi_protocol_checker_v1_1_13 -L axis_protocol_checker_v1_1_11 -L axis_protocol_checker_v1_1_12 -L xil_defaultlib -L unisims_ver -L xpm -L floating_point_v7_1_15 -L floating_point_v7_0_20 --lib ieee_proposed=./ieee_proposed -s clock_generator -debug all 
Multi-threading is on. Using 10 slave threads.
INFO: [VRFC 10-2263] Analyzing SystemVerilog file "C:/vitis_example/Utilities/clock_generator-vhls/solution1/sim/verilog/glbl.v" into library work
INFO: [VRFC 10-311] analyzing module glbl
INFO: [VRFC 10-2263] Analyzing SystemVerilog file "C:/vitis_example/Utilities/clock_generator-vhls/solution1/sim/verilog/clock_generator.autotb.v" into library xil_defaultlib
INFO: [VRFC 10-311] analyzing module apatb_clock_generator_top
INFO: [VRFC 10-2263] Analyzing SystemVerilog file "C:/vitis_example/Utilities/clock_generator-vhls/solution1/sim/verilog/clock_generator.v" into library xil_defaultlib
INFO: [VRFC 10-311] analyzing module clock_generator
INFO: [VRFC 10-2263] Analyzing SystemVerilog file "C:/vitis_example/Utilities/clock_generator-vhls/solution1/sim/verilog/dataflow_monitor.sv" into library xil_defaultlib
INFO: [VRFC 10-311] analyzing module dataflow_monitor
Starting static elaboration
Pass Through NonSizing Optimizer
Completed static elaboration
Starting simulation data flow analysis
Completed simulation data flow analysis
Time Resolution for simulation is 1ps
Compiling package xil_defaultlib.$unit_dataflow_monitor_sv
Compiling module xil_defaultlib.clock_generator
Compiling module xil_defaultlib.nodf_module_intf
Compiling module xil_defaultlib.dataflow_monitor
Compiling module xil_defaultlib.apatb_clock_generator_top
Compiling module work.glbl
Built simulation snapshot clock_generator
